TN:
SF:/Users/hwu/Desktop/react-split-pane/src/SplitPane.js
FN:20,_getRequireWildcardCache
FN:20,_getRequireWildcardCache
FN:22,_interopRequireWildcard
FN:24,_interopRequireDefault
FN:26,_typeof
FN:26,_typeof
FN:26,_typeof
FN:28,ownKeys
FN:28,(anonymous_9)
FN:30,_objectSpread
FN:30,(anonymous_11)
FN:30,(anonymous_12)
FN:32,_defineProperty
FN:34,_classCallCheck
FN:36,_defineProperties
FN:38,_createClass
FN:40,_possibleConstructorReturn
FN:42,_getPrototypeOf
FN:42,_getPrototypeOf
FN:44,_assertThisInitialized
FN:46,_inherits
FN:48,_setPrototypeOf
FN:48,_setPrototypeOf
FN:50,unFocus
FN:60,getDefaultSize
FN:74,removeNullChildren
FN:75,(anonymous_27)
FN:82,(anonymous_28)
FN:85,SplitPane
FN:120,componentDidMount
FN:128,componentWillUnmount
FN:135,onMouseDown
FN:146,onTouchStart
FN:168,onMouseMove
FN:179,onTouchMove
FN:262,onMouseUp
FN:283,render
FN:348,ref
FN:355,eleRef
FN:375,eleRef
FN:385,getDerivedStateFromProps
FN:390,getSizeUpdate
FNF:42
FNH:31
FNDA:0,_getRequireWildcardCache
FNDA:0,_getRequireWildcardCache
FNDA:1,_interopRequireWildcard
FNDA:4,_interopRequireDefault
FNDA:0,_typeof
FNDA:0,_typeof
FNDA:0,_typeof
FNDA:915,ownKeys
FNDA:0,(anonymous_9)
FNDA:549,_objectSpread
FNDA:0,(anonymous_11)
FNDA:0,(anonymous_12)
FNDA:17,_defineProperty
FNDA:53,_classCallCheck
FNDA:2,_defineProperties
FNDA:1,_createClass
FNDA:53,_possibleConstructorReturn
FNDA:1,_getPrototypeOf
FNDA:0,_getPrototypeOf
FNDA:318,_assertThisInitialized
FNDA:1,_inherits
FNDA:1,_setPrototypeOf
FNDA:0,_setPrototypeOf
FNDA:42,unFocus
FNDA:266,getDefaultSize
FNDA:183,removeNullChildren
FNDA:366,(anonymous_27)
FNDA:1,(anonymous_28)
FNDA:53,SplitPane
FNDA:52,componentDidMount
FNDA:0,componentWillUnmount
FNDA:21,onMouseDown
FNDA:21,onTouchStart
FNDA:21,onMouseMove
FNDA:21,onTouchMove
FNDA:21,onMouseUp
FNDA:183,render
FNDA:308,ref
FNDA:308,eleRef
FNDA:308,eleRef
FNDA:183,getDerivedStateFromProps
FNDA:235,getSizeUpdate
DA:3,1
DA:6,1
DA:8,1
DA:10,1
DA:12,1
DA:14,1
DA:16,1
DA:18,1
DA:20,1
DA:22,1
DA:24,4
DA:26,1
DA:28,915
DA:30,1281
DA:32,17
DA:34,53
DA:36,10
DA:38,1
DA:40,53
DA:42,1
DA:44,318
DA:46,1
DA:48,1
DA:50,1
DA:51,42
DA:52,0
DA:54,42
DA:55,42
DA:60,1
DA:61,266
DA:62,35
DA:63,35
DA:64,35
DA:67,231
DA:68,140
DA:71,91
DA:74,1
DA:75,183
DA:76,366
DA:80,1
DA:83,1
DA:85,1
DA:86,53
DA:88,53
DA:90,53
DA:91,53
DA:92,53
DA:93,53
DA:94,53
DA:95,53
DA:99,53
DA:104,53
DA:105,53
DA:115,53
DA:118,1
DA:121,52
DA:122,52
DA:123,52
DA:124,52
DA:129,0
DA:130,0
DA:131,0
DA:136,21
DA:142,21
DA:147,21
DA:152,21
DA:153,21
DA:154,21
DA:156,21
DA:157,1
DA:160,21
DA:169,21
DA:175,21
DA:180,21
DA:187,21
DA:191,21
DA:192,21
DA:193,21
DA:194,21
DA:195,21
DA:197,21
DA:198,21
DA:199,21
DA:201,21
DA:202,21
DA:203,21
DA:204,21
DA:205,21
DA:206,21
DA:208,21
DA:209,8
DA:210,4
DA:215,4
DA:218,17
DA:219,17
DA:220,17
DA:222,17
DA:223,0
DA:226,17
DA:228,17
DA:229,0
DA:231,0
DA:232,0
DA:234,0
DA:238,17
DA:239,17
DA:241,17
DA:242,3
DA:243,14
DA:244,2
DA:246,12
DA:252,17
DA:253,17
DA:263,21
DA:266,21
DA:270,21
DA:271,21
DA:272,1
DA:275,21
DA:284,183
DA:286,183
DA:302,183
DA:305,183
DA:306,183
DA:307,183
DA:309,183
DA:322,183
DA:323,117
DA:329,66
DA:338,183
DA:340,183
DA:342,183
DA:344,183
DA:345,183
DA:346,183
DA:349,308
DA:356,308
DA:376,308
DA:386,183
DA:391,235
DA:392,235
DA:394,235
DA:395,14
DA:398,221
DA:400,221
DA:401,3
DA:404,221
DA:405,221
DA:406,221
DA:407,221
DA:410,221
DA:414,1
DA:417,1
DA:444,1
DA:453,1
DA:454,1
DA:455,1
LF:157
LH:148
BRDA:20,1,0,0
BRDA:20,1,1,0
BRDA:22,2,0,1
BRDA:22,2,1,0
BRDA:22,3,0,1
BRDA:22,3,1,1
BRDA:22,4,0,0
BRDA:22,4,1,0
BRDA:22,5,0,0
BRDA:22,5,1,0
BRDA:22,5,2,0
BRDA:22,6,0,0
BRDA:22,6,1,0
BRDA:22,7,0,0
BRDA:22,7,1,0
BRDA:22,8,0,0
BRDA:22,8,1,0
BRDA:22,9,0,0
BRDA:22,9,1,0
BRDA:22,10,0,0
BRDA:22,10,1,0
BRDA:22,11,0,0
BRDA:22,11,1,0
BRDA:22,12,0,0
BRDA:22,12,1,0
BRDA:22,12,2,0
BRDA:22,13,0,0
BRDA:22,13,1,0
BRDA:24,14,0,1
BRDA:24,14,1,3
BRDA:24,15,0,4
BRDA:24,15,1,4
BRDA:26,16,0,0
BRDA:26,16,1,0
BRDA:26,17,0,0
BRDA:26,17,1,0
BRDA:26,18,0,0
BRDA:26,18,1,0
BRDA:26,19,0,0
BRDA:26,19,1,0
BRDA:26,19,2,0
BRDA:26,19,3,0
BRDA:28,20,0,915
BRDA:28,20,1,0
BRDA:28,21,0,915
BRDA:28,21,1,0
BRDA:30,22,0,366
BRDA:30,22,1,915
BRDA:30,23,0,915
BRDA:30,23,1,366
BRDA:30,24,0,366
BRDA:30,24,1,0
BRDA:32,25,0,0
BRDA:32,25,1,17
BRDA:34,26,0,0
BRDA:34,26,1,53
BRDA:36,27,0,10
BRDA:36,27,1,10
BRDA:36,28,0,10
BRDA:36,28,1,0
BRDA:38,29,0,1
BRDA:38,29,1,0
BRDA:38,30,0,1
BRDA:38,30,1,0
BRDA:40,31,0,0
BRDA:40,31,1,53
BRDA:40,32,0,53
BRDA:40,32,1,0
BRDA:40,32,2,0
BRDA:42,33,0,1
BRDA:42,33,1,0
BRDA:42,34,0,0
BRDA:42,34,1,0
BRDA:44,35,0,0
BRDA:44,35,1,318
BRDA:46,36,0,0
BRDA:46,36,1,1
BRDA:46,37,0,1
BRDA:46,37,1,0
BRDA:46,38,0,1
BRDA:46,38,1,1
BRDA:46,39,0,1
BRDA:46,39,1,0
BRDA:48,40,0,1
BRDA:48,40,1,0
BRDA:51,41,0,0
BRDA:51,41,1,42
BRDA:61,42,0,35
BRDA:61,42,1,231
BRDA:62,43,0,35
BRDA:62,43,1,0
BRDA:63,44,0,24
BRDA:63,44,1,11
BRDA:63,45,0,35
BRDA:63,45,1,24
BRDA:67,46,0,140
BRDA:67,46,1,91
BRDA:104,47,0,5
BRDA:104,47,1,48
BRDA:108,48,0,45
BRDA:108,48,1,8
BRDA:109,49,0,8
BRDA:109,49,1,45
BRDA:152,50,0,21
BRDA:152,50,1,0
BRDA:154,51,0,11
BRDA:154,51,1,10
BRDA:156,52,0,1
BRDA:156,52,1,20
BRDA:191,53,0,21
BRDA:191,53,1,0
BRDA:191,54,0,21
BRDA:191,54,1,21
BRDA:194,55,0,17
BRDA:194,55,1,4
BRDA:195,56,0,17
BRDA:195,56,1,4
BRDA:197,57,0,21
BRDA:197,57,1,0
BRDA:201,58,0,21
BRDA:201,58,1,0
BRDA:204,59,0,11
BRDA:204,59,1,10
BRDA:205,60,0,11
BRDA:205,60,1,10
BRDA:208,61,0,8
BRDA:208,61,1,13
BRDA:209,62,0,4
BRDA:209,62,1,4
BRDA:218,63,0,13
BRDA:218,63,1,4
BRDA:222,64,0,0
BRDA:222,64,1,17
BRDA:228,65,0,0
BRDA:228,65,1,17
BRDA:228,66,0,17
BRDA:228,66,1,12
BRDA:231,67,0,0
BRDA:231,67,1,0
BRDA:241,68,0,3
BRDA:241,68,1,14
BRDA:243,69,0,2
BRDA:243,69,1,12
BRDA:243,70,0,14
BRDA:243,70,1,10
BRDA:252,71,0,0
BRDA:252,71,1,17
BRDA:255,72,0,13
BRDA:255,72,1,4
BRDA:270,73,0,21
BRDA:270,73,1,0
BRDA:270,74,0,21
BRDA:270,74,1,21
BRDA:271,75,0,1
BRDA:271,75,1,20
BRDA:305,76,0,183
BRDA:305,76,1,0
BRDA:306,77,0,4
BRDA:306,77,1,179
BRDA:322,78,0,117
BRDA:322,78,1,66
BRDA:371,79,0,183
BRDA:371,79,1,183
BRDA:394,80,0,14
BRDA:394,80,1,221
BRDA:394,81,0,235
BRDA:394,81,1,231
BRDA:398,82,0,3
BRDA:398,82,1,218
BRDA:400,83,0,3
BRDA:400,83,1,218
BRDA:405,84,0,180
BRDA:405,84,1,41
BRDA:406,85,0,180
BRDA:406,85,1,41
BRF:175
BRH:108
end_of_record
TN:
SF:/Users/hwu/Desktop/react-split-pane/src/Pane.js
FN:14,_interopRequireDefault
FN:16,_typeof
FN:16,_typeof
FN:16,_typeof
FN:18,_classCallCheck
FN:20,_defineProperties
FN:22,_createClass
FN:24,_possibleConstructorReturn
FN:26,_assertThisInitialized
FN:28,_getPrototypeOf
FN:28,_getPrototypeOf
FN:30,_inherits
FN:32,_setPrototypeOf
FN:32,_setPrototypeOf
FN:36,(anonymous_15)
FN:39,Pane
FN:47,render
FNF:17
FNH:12
FNDA:3,_interopRequireDefault
FNDA:0,_typeof
FNDA:0,_typeof
FNDA:0,_typeof
FNDA:106,_classCallCheck
FNDA:1,_defineProperties
FNDA:1,_createClass
FNDA:106,_possibleConstructorReturn
FNDA:106,_assertThisInitialized
FNDA:1,_getPrototypeOf
FNDA:0,_getPrototypeOf
FNDA:1,_inherits
FNDA:1,_setPrototypeOf
FNDA:0,_setPrototypeOf
FNDA:1,(anonymous_15)
FNDA:106,Pane
FNDA:366,render
DA:3,1
DA:6,1
DA:8,1
DA:10,1
DA:12,1
DA:14,3
DA:16,1
DA:18,106
DA:20,1
DA:22,1
DA:24,106
DA:26,106
DA:28,1
DA:30,1
DA:32,1
DA:34,1
DA:37,1
DA:39,1
DA:40,106
DA:42,106
DA:45,1
DA:48,366
DA:55,366
DA:56,366
DA:62,366
DA:63,183
DA:64,117
DA:66,66
DA:67,66
DA:70,183
DA:73,366
DA:74,366
DA:82,1
DA:85,1
DA:93,1
DA:94,1
DA:95,1
LF:37
LH:37
BRDA:14,1,0,0
BRDA:14,1,1,3
BRDA:14,2,0,3
BRDA:14,2,1,3
BRDA:16,3,0,0
BRDA:16,3,1,0
BRDA:16,4,0,0
BRDA:16,4,1,0
BRDA:16,5,0,0
BRDA:16,5,1,0
BRDA:16,6,0,0
BRDA:16,6,1,0
BRDA:16,6,2,0
BRDA:16,6,3,0
BRDA:18,7,0,0
BRDA:18,7,1,106
BRDA:20,8,0,1
BRDA:20,8,1,1
BRDA:20,9,0,1
BRDA:20,9,1,0
BRDA:22,10,0,1
BRDA:22,10,1,0
BRDA:22,11,0,0
BRDA:22,11,1,1
BRDA:24,12,0,0
BRDA:24,12,1,106
BRDA:24,13,0,106
BRDA:24,13,1,0
BRDA:24,13,2,0
BRDA:26,14,0,0
BRDA:26,14,1,106
BRDA:28,15,0,1
BRDA:28,15,1,0
BRDA:28,16,0,0
BRDA:28,16,1,0
BRDA:30,17,0,0
BRDA:30,17,1,1
BRDA:30,18,0,1
BRDA:30,18,1,0
BRDA:30,19,0,1
BRDA:30,19,1,1
BRDA:30,20,0,1
BRDA:30,20,1,0
BRDA:32,21,0,1
BRDA:32,21,1,0
BRDA:62,22,0,183
BRDA:62,22,1,183
BRDA:63,23,0,117
BRDA:63,23,1,66
BRDA:73,24,0,366
BRDA:73,24,1,0
BRF:51
BRH:24
end_of_record
TN:
SF:/Users/hwu/Desktop/react-split-pane/src/Resizer.js
FN:14,_interopRequireDefault
FN:16,_typeof
FN:16,_typeof
FN:16,_typeof
FN:18,_classCallCheck
FN:20,_defineProperties
FN:22,_createClass
FN:24,_possibleConstructorReturn
FN:26,_assertThisInitialized
FN:28,_getPrototypeOf
FN:28,_getPrototypeOf
FN:30,_inherits
FN:32,_setPrototypeOf
FN:32,_setPrototypeOf
FN:39,(anonymous_15)
FN:42,Resizer
FN:50,render
FN:66,onMouseDown
FN:69,onTouchStart
FN:74,onTouchEnd
FN:79,onClick
FN:86,onDoubleClick
FNF:22
FNH:12
FNDA:3,_interopRequireDefault
FNDA:0,_typeof
FNDA:0,_typeof
FNDA:0,_typeof
FNDA:53,_classCallCheck
FNDA:1,_defineProperties
FNDA:1,_createClass
FNDA:53,_possibleConstructorReturn
FNDA:53,_assertThisInitialized
FNDA:1,_getPrototypeOf
FNDA:0,_getPrototypeOf
FNDA:1,_inherits
FNDA:1,_setPrototypeOf
FNDA:0,_setPrototypeOf
FNDA:1,(anonymous_15)
FNDA:53,Resizer
FNDA:183,render
FNDA:0,onMouseDown
FNDA:0,onTouchStart
FNDA:0,onTouchEnd
FNDA:0,onClick
FNDA:0,onDoubleClick
DA:3,1
DA:6,1
DA:8,1
DA:10,1
DA:12,1
DA:14,3
DA:16,1
DA:18,53
DA:20,1
DA:22,1
DA:24,53
DA:26,53
DA:28,1
DA:30,1
DA:32,1
DA:34,1
DA:35,1
DA:37,1
DA:40,1
DA:42,1
DA:43,53
DA:45,53
DA:48,1
DA:51,183
DA:61,183
DA:62,183
DA:67,0
DA:70,0
DA:72,0
DA:75,0
DA:77,0
DA:80,0
DA:81,0
DA:83,0
DA:87,0
DA:88,0
DA:90,0
DA:97,1
DA:100,1
DA:111,1
DA:114,1
DA:115,1
LF:42
LH:31
BRDA:14,1,0,0
BRDA:14,1,1,3
BRDA:14,2,0,3
BRDA:14,2,1,3
BRDA:16,3,0,0
BRDA:16,3,1,0
BRDA:16,4,0,0
BRDA:16,4,1,0
BRDA:16,5,0,0
BRDA:16,5,1,0
BRDA:16,6,0,0
BRDA:16,6,1,0
BRDA:16,6,2,0
BRDA:16,6,3,0
BRDA:18,7,0,0
BRDA:18,7,1,53
BRDA:20,8,0,1
BRDA:20,8,1,1
BRDA:20,9,0,1
BRDA:20,9,1,0
BRDA:22,10,0,1
BRDA:22,10,1,0
BRDA:22,11,0,0
BRDA:22,11,1,1
BRDA:24,12,0,0
BRDA:24,12,1,53
BRDA:24,13,0,53
BRDA:24,13,1,0
BRDA:24,13,2,0
BRDA:26,14,0,0
BRDA:26,14,1,53
BRDA:28,15,0,1
BRDA:28,15,1,0
BRDA:28,16,0,0
BRDA:28,16,1,0
BRDA:30,17,0,0
BRDA:30,17,1,1
BRDA:30,18,0,1
BRDA:30,18,1,0
BRDA:30,19,0,1
BRDA:30,19,1,1
BRDA:30,20,0,1
BRDA:30,20,1,0
BRDA:32,21,0,1
BRDA:32,21,1,0
BRDA:80,22,0,0
BRDA:80,22,1,0
BRDA:87,23,0,0
BRDA:87,23,1,0
BRF:49
BRH:19
end_of_record
